<?xml version="1.0" encoding="UTF-8"?>
<!-- Generated by org.testng.reporters.JUnitReportReporter -->
<testsuite hostname="MTYTM15492YLR" name="comfrontEndappTestOps.SetBrowser" tests="2" failures="0" timestamp="21 Jun 2016 01:20:43 GMT" time="15.495" errors="0">
  <testcase name="loginTest" time="11.283" classname="comfrontEndappTestOps.SetBrowser"/>
  <testcase name="logoutTest" time="4.212" classname="comfrontEndappTestOps.SetBrowser"/>
</testsuite> <!-- comfrontEndappTestOps.SetBrowser -->
